{"numFailedTestSuites":0,"numFailedTests":0,"numPassedTestSuites":6,"numPassedTests":27,"numPendingTestSuites":0,"numPendingTests":0,"numRuntimeErrorTestSuites":0,"numTodoTests":0,"numTotalTestSuites":6,"numTotalTests":27,"openHandles":[],"snapshot":{"added":0,"didUpdate":false,"failure":false,"filesAdded":0,"filesRemoved":0,"filesRemovedList":[],"filesUnmatched":0,"filesUpdated":0,"matched":0,"total":0,"unchecked":0,"uncheckedKeysByFile":[],"unmatched":0,"updated":0},"startTime":1782036156110,"success":true,"testResults":[{"assertionResults":[{"ancestorTitles":["IngestionOrchestrator — stale chunks on update (integration)"],"duration":77,"failureDetails":[],"failureMessages":[],"fullName":"IngestionOrchestrator — stale chunks on update (integration) deletes old chunks atomically on doc re-ingestion (cascade verified)","invocations":1,"location":null,"numPassingAsserts":8,"retryReasons":[],"status":"passed","title":"deletes old chunks atomically on doc re-ingestion (cascade verified)"},{"ancestorTitles":["IngestionOrchestrator — stale chunks on update (integration)"],"duration":7,"failureDetails":[],"failureMessages":[],"fullName":"IngestionOrchestrator — stale chunks on update (integration) does NOT delete chunks on create path","invocations":1,"location":null,"numPassingAsserts":1,"retryReasons":[],"status":"passed","title":"does NOT delete chunks on create path"},{"ancestorTitles":["IngestionOrchestrator — stale chunks on update (integration)"],"duration":51,"failureDetails":[],"failureMessages":[],"fullName":"IngestionOrchestrator — stale chunks on update (integration) rolls back atomically when chunk-save fails mid-loop on update","invocations":1,"location":null,"numPassingAsserts":5,"retryReasons":[],"status":"passed","title":"rolls back atomically when chunk-save fails mid-loop on update"}],"endTime":1782036157098,"message":"","name":"/Users/germanrauhut.com/Developer/projects/omnopsis-ai/omnopsis-backend/backend/test/database/stale-chunks-on-update.integration.spec.ts","startTime":1782036156263,"status":"passed","summary":""},{"assertionResults":[{"ancestorTitles":["Identity Layer"],"duration":29,"failureDetails":[],"failureMessages":[],"fullName":"Identity Layer creates organizations table with correct columns","invocations":1,"location":null,"numPassingAsserts":7,"retryReasons":[],"status":"passed","title":"creates organizations table with correct columns"},{"ancestorTitles":["Identity Layer"],"duration":22,"failureDetails":[],"failureMessages":[],"fullName":"Identity Layer enforces unique slug on organizations","invocations":1,"location":null,"numPassingAsserts":1,"retryReasons":[],"status":"passed","title":"enforces unique slug on organizations"},{"ancestorTitles":["Identity Layer"],"duration":34,"failureDetails":[],"failureMessages":[],"fullName":"Identity Layer creates tenants table with organization FK","invocations":1,"location":null,"numPassingAsserts":1,"retryReasons":[],"status":"passed","title":"creates tenants table with organization FK"},{"ancestorTitles":["Identity Layer"],"duration":5,"failureDetails":[],"failureMessages":[],"fullName":"Identity Layer enforces unique (organization_id, slug) on tenants","invocations":1,"location":null,"numPassingAsserts":1,"retryReasons":[],"status":"passed","title":"enforces unique (organization_id, slug) on tenants"},{"ancestorTitles":["Identity Layer"],"duration":4,"failureDetails":[],"failureMessages":[],"fullName":"Identity Layer user_tenant_roles composite PK prevents duplicate assignments","invocations":1,"location":null,"numPassingAsserts":1,"retryReasons":[],"status":"passed","title":"user_tenant_roles composite PK prevents duplicate assignments"}],"endTime":1782036157260,"message":"","name":"/Users/germanrauhut.com/Developer/projects/omnopsis-ai/omnopsis-backend/backend/test/database/identity-layer.integration.spec.ts","startTime":1782036157102,"status":"passed","summary":""},{"assertionResults":[{"ancestorTitles":["Processing Tables"],"duration":4,"failureDetails":[],"failureMessages":[],"fullName":"Processing Tables chunk_enrichments table exists","invocations":1,"location":null,"numPassingAsserts":1,"retryReasons":[],"status":"passed","title":"chunk_enrichments table exists"},{"ancestorTitles":["Processing Tables"],"duration":10,"failureDetails":[],"failureMessages":[],"fullName":"Processing Tables inserts a valid chunk enrichment","invocations":1,"location":null,"numPassingAsserts":1,"retryReasons":[],"status":"passed","title":"inserts a valid chunk enrichment"},{"ancestorTitles":["Processing Tables"],"duration":24,"failureDetails":[],"failureMessages":[],"fullName":"Processing Tables enforces UNIQUE(chunk_id, role) on chunk_enrichments","invocations":1,"location":null,"numPassingAsserts":1,"retryReasons":[],"status":"passed","title":"enforces UNIQUE(chunk_id, role) on chunk_enrichments"},{"ancestorTitles":["Processing Tables"],"duration":4,"failureDetails":[],"failureMessages":[],"fullName":"Processing Tables cascades delete: removing chunk deletes its enrichments","invocations":1,"location":null,"numPassingAsserts":1,"retryReasons":[],"status":"passed","title":"cascades delete: removing chunk deletes its enrichments"},{"ancestorTitles":["Processing Tables"],"duration":3,"failureDetails":[],"failureMessages":[],"fullName":"Processing Tables document_relationships table exists","invocations":1,"location":null,"numPassingAsserts":1,"retryReasons":[],"status":"passed","title":"document_relationships table exists"},{"ancestorTitles":["Processing Tables"],"duration":8,"failureDetails":[],"failureMessages":[],"fullName":"Processing Tables inserts a valid document relationship","invocations":1,"location":null,"numPassingAsserts":1,"retryReasons":[],"status":"passed","title":"inserts a valid document relationship"},{"ancestorTitles":["Processing Tables"],"duration":4,"failureDetails":[],"failureMessages":[],"fullName":"Processing Tables enforces UNIQUE(source_document_id, target_document_id, relationship_type)","invocations":1,"location":null,"numPassingAsserts":1,"retryReasons":[],"status":"passed","title":"enforces UNIQUE(source_document_id, target_document_id, relationship_type)"},{"ancestorTitles":["Processing Tables"],"duration":5,"failureDetails":[],"failureMessages":[],"fullName":"Processing Tables cascades delete: removing source document deletes its relationships","invocations":1,"location":null,"numPassingAsserts":1,"retryReasons":[],"status":"passed","title":"cascades delete: removing source document deletes its relationships"}],"endTime":1782036157412,"message":"","name":"/Users/germanrauhut.com/Developer/projects/omnopsis-ai/omnopsis-backend/backend/test/database/processing-tables.integration.spec.ts","startTime":1782036157262,"status":"passed","summary":""},{"assertionResults":[{"ancestorTitles":["Output Layer"],"duration":1,"failureDetails":[],"failureMessages":[],"fullName":"Output Layer creates all 4 output tables","invocations":1,"location":null,"numPassingAsserts":1,"retryReasons":[],"status":"passed","title":"creates all 4 output tables"},{"ancestorTitles":["Output Layer"],"duration":4,"failureDetails":[],"failureMessages":[],"fullName":"Output Layer chat_sessions.user_id is nullable (GDPR: ON DELETE SET NULL)","invocations":1,"location":null,"numPassingAsserts":1,"retryReasons":[],"status":"passed","title":"chat_sessions.user_id is nullable (GDPR: ON DELETE SET NULL)"},{"ancestorTitles":["Output Layer"],"duration":27,"failureDetails":[],"failureMessages":[],"fullName":"Output Layer generated_documents.job_id is ON DELETE RESTRICT","invocations":1,"location":null,"numPassingAsserts":1,"retryReasons":[],"status":"passed","title":"generated_documents.job_id is ON DELETE RESTRICT"},{"ancestorTitles":["Output Layer"],"duration":5,"failureDetails":[],"failureMessages":[],"fullName":"Output Layer chat_messages.source_chunk_ids is a uuid array","invocations":1,"location":null,"numPassingAsserts":1,"retryReasons":[],"status":"passed","title":"chat_messages.source_chunk_ids is a uuid array"}],"endTime":1782036157513,"message":"","name":"/Users/germanrauhut.com/Developer/projects/omnopsis-ai/omnopsis-backend/backend/test/database/output-layer.integration.spec.ts","startTime":1782036157414,"status":"passed","summary":""},{"assertionResults":[{"ancestorTitles":["ConnectorsService — encrypt-store-decrypt roundtrip (integration)"],"duration":6,"failureDetails":[],"failureMessages":[],"fullName":"ConnectorsService — encrypt-store-decrypt roundtrip (integration) round-trips a Git connector config end-to-end","invocations":1,"location":null,"numPassingAsserts":6,"retryReasons":[],"status":"passed","title":"round-trips a Git connector config end-to-end"},{"ancestorTitles":["ConnectorsService — encrypt-store-decrypt roundtrip (integration)"],"duration":6,"failureDetails":[],"failureMessages":[],"fullName":"ConnectorsService — encrypt-store-decrypt roundtrip (integration) rejects cross-tenant access via findOneWithDecrypted","invocations":1,"location":null,"numPassingAsserts":1,"retryReasons":[],"status":"passed","title":"rejects cross-tenant access via findOneWithDecrypted"},{"ancestorTitles":["ConnectorsService — encrypt-store-decrypt roundtrip (integration)"],"duration":1,"failureDetails":[],"failureMessages":[],"fullName":"ConnectorsService — encrypt-store-decrypt roundtrip (integration) throws if config lacks encrypted field (no legacy fallback)","invocations":1,"location":null,"numPassingAsserts":1,"retryReasons":[],"status":"passed","title":"throws if config lacks encrypted field (no legacy fallback)"}],"endTime":1782036157644,"message":"","name":"/Users/germanrauhut.com/Developer/projects/omnopsis-ai/omnopsis-backend/backend/test/database/connectors-decrypt.integration.spec.ts","startTime":1782036157515,"status":"passed","summary":""},{"assertionResults":[{"ancestorTitles":["Pipeline Layer"],"duration":10,"failureDetails":[],"failureMessages":[],"fullName":"Pipeline Layer creates chunks table with vector column","invocations":1,"location":null,"numPassingAsserts":2,"retryReasons":[],"status":"passed","title":"creates chunks table with vector column"},{"ancestorTitles":["Pipeline Layer"],"duration":3,"failureDetails":[],"failureMessages":[],"fullName":"Pipeline Layer chunks.embedding is vector(1536) type (index deferred until data exists)","invocations":1,"location":null,"numPassingAsserts":2,"retryReasons":[],"status":"passed","title":"chunks.embedding is vector(1536) type (index deferred until data exists)"},{"ancestorTitles":["Pipeline Layer"],"duration":21,"failureDetails":[],"failureMessages":[],"fullName":"Pipeline Layer enforces tenant_id FK on connectors","invocations":1,"location":null,"numPassingAsserts":1,"retryReasons":[],"status":"passed","title":"enforces tenant_id FK on connectors"},{"ancestorTitles":["Pipeline Layer"],"duration":11,"failureDetails":[],"failureMessages":[],"fullName":"Pipeline Layer documents.connector_id is ON DELETE RESTRICT","invocations":1,"location":null,"numPassingAsserts":1,"retryReasons":[],"status":"passed","title":"documents.connector_id is ON DELETE RESTRICT"}],"endTime":1782036157758,"message":"","name":"/Users/germanrauhut.com/Developer/projects/omnopsis-ai/omnopsis-backend/backend/test/database/pipeline-layer.integration.spec.ts","startTime":1782036157646,"status":"passed","summary":""}],"wasInterrupted":false}
