{"numTotalTestSuites":27,"numPassedTestSuites":27,"numFailedTestSuites":0,"numPendingTestSuites":0,"numTotalTests":85,"numPassedTests":85,"numFailedTests":0,"numPendingTests":0,"numTodoTests":0,"snapshot":{"added":0,"failure":false,"filesAdded":0,"filesRemoved":0,"filesRemovedList":[],"filesUnmatched":0,"filesUpdated":0,"matched":0,"total":0,"unchecked":0,"uncheckedKeysByFile":[],"unmatched":0,"updated":0,"didUpdate":false},"startTime":1782061633920,"success":true,"testResults":[{"assertionResults":[{"ancestorTitles":["ChatMessageResponseSchema — ground truth: chat-message.entity"],"fullName":"ChatMessageResponseSchema — ground truth: chat-message.entity accepts a user message (no sources, no confidence)","status":"passed","title":"accepts a user message (no sources, no confidence)","duration":1.7848339999999894,"failureMessages":[],"meta":{}},{"ancestorTitles":["ChatMessageResponseSchema — ground truth: chat-message.entity"],"fullName":"ChatMessageResponseSchema — ground truth: chat-message.entity accepts an assistant message with sources + confidence","status":"passed","title":"accepts an assistant message with sources + confidence","duration":0.3832500000000323,"failureMessages":[],"meta":{}},{"ancestorTitles":["ChatMessageResponseSchema — ground truth: chat-message.entity"],"fullName":"ChatMessageResponseSchema — ground truth: chat-message.entity rejects a non-uuid in sourceChunkIds","status":"passed","title":"rejects a non-uuid in sourceChunkIds","duration":0.6412500000000136,"failureMessages":[],"meta":{}}],"startTime":1782061635180,"endTime":1782061635182.6414,"status":"passed","message":"","name":"/Users/germanrauhut.com/Developer/projects/omnopsis-ai/omnopsis-contracts/test/chat/chat-message.test.ts"},{"assertionResults":[{"ancestorTitles":["ChatSessionResponseSchema — ground truth: chat-session.entity"],"fullName":"ChatSessionResponseSchema — ground truth: chat-session.entity accepts an anonymous session (userId null, endedAt null)","status":"passed","title":"accepts an anonymous session (userId null, endedAt null)","duration":1.884333999999967,"failureMessages":[],"meta":{}},{"ancestorTitles":["ChatSessionResponseSchema — ground truth: chat-session.entity"],"fullName":"ChatSessionResponseSchema — ground truth: chat-session.entity accepts a user-bound, ended session","status":"passed","title":"accepts a user-bound, ended session","duration":0.26549999999997453,"failureMessages":[],"meta":{}},{"ancestorTitles":["ChatSessionResponseSchema — ground truth: chat-session.entity"],"fullName":"ChatSessionResponseSchema — ground truth: chat-session.entity rejects a missing persona","status":"passed","title":"rejects a missing persona","duration":0.7451249999999732,"failureMessages":[],"meta":{}},{"ancestorTitles":["CreateChatSessionRequestSchema — ground truth: CreateChatSessionDto"],"fullName":"CreateChatSessionRequestSchema — ground truth: CreateChatSessionDto accepts a persona-only create","status":"passed","title":"accepts a persona-only create","duration":0.23679100000003928,"failureMessages":[],"meta":{}},{"ancestorTitles":["CreateChatSessionRequestSchema — ground truth: CreateChatSessionDto"],"fullName":"CreateChatSessionRequestSchema — ground truth: CreateChatSessionDto accepts a create with userId","status":"passed","title":"accepts a create with userId","duration":0.06887499999999136,"failureMessages":[],"meta":{}},{"ancestorTitles":["CreateChatSessionRequestSchema — ground truth: CreateChatSessionDto"],"fullName":"CreateChatSessionRequestSchema — ground truth: CreateChatSessionDto rejects an invalid persona","status":"passed","title":"rejects an invalid persona","duration":0.155208000000016,"failureMessages":[],"meta":{}},{"ancestorTitles":["PersonaSchema"],"fullName":"PersonaSchema accepts operator","status":"passed","title":"accepts operator","duration":0.10929199999998218,"failureMessages":[],"meta":{}},{"ancestorTitles":["PersonaSchema"],"fullName":"PersonaSchema accepts l3_dev","status":"passed","title":"accepts l3_dev","duration":0.036582999999950516,"failureMessages":[],"meta":{}},{"ancestorTitles":["PersonaSchema"],"fullName":"PersonaSchema accepts tenant_admin","status":"passed","title":"accepts tenant_admin","duration":0.042832999999973254,"failureMessages":[],"meta":{}}],"startTime":1782061635183,"endTime":1782061635186.2368,"status":"passed","message":"","name":"/Users/germanrauhut.com/Developer/projects/omnopsis-ai/omnopsis-contracts/test/chat/chat-session.test.ts"},{"assertionResults":[{"ancestorTitles":["ConnectorResponseSchema — ground truth: connectors.service stripConfig"],"fullName":"ConnectorResponseSchema — ground truth: connectors.service stripConfig accepts a stripped connector (config = {})","status":"passed","title":"accepts a stripped connector (config = {})","duration":7.608833000000004,"failureMessages":[],"meta":{}},{"ancestorTitles":["ConnectorResponseSchema — ground truth: connectors.service stripConfig"],"fullName":"ConnectorResponseSchema — ground truth: connectors.service stripConfig accepts a non-null lastSyncedAt","status":"passed","title":"accepts a non-null lastSyncedAt","duration":1.2252909999999702,"failureMessages":[],"meta":{}},{"ancestorTitles":["ConnectorResponseSchema — ground truth: connectors.service stripConfig"],"fullName":"ConnectorResponseSchema — ground truth: connectors.service stripConfig rejects a response missing isActive","status":"passed","title":"rejects a response missing isActive","duration":1.350208000000066,"failureMessages":[],"meta":{}},{"ancestorTitles":["ConnectorResponseSchema — ground truth: connectors.service stripConfig"],"fullName":"ConnectorResponseSchema — ground truth: connectors.service stripConfig rejects a non-uuid id","status":"passed","title":"rejects a non-uuid id","duration":0.23158300000000054,"failureMessages":[],"meta":{}},{"ancestorTitles":["CreateConnectorRequestSchema — ground truth: CreateConnectorDto"],"fullName":"CreateConnectorRequestSchema — ground truth: CreateConnectorDto accepts a minimal create (config optional)","status":"passed","title":"accepts a minimal create (config optional)","duration":0.7394170000000031,"failureMessages":[],"meta":{}},{"ancestorTitles":["CreateConnectorRequestSchema — ground truth: CreateConnectorDto"],"fullName":"CreateConnectorRequestSchema — ground truth: CreateConnectorDto accepts a create with config","status":"passed","title":"accepts a create with config","duration":0.45145800000000236,"failureMessages":[],"meta":{}},{"ancestorTitles":["CreateConnectorRequestSchema — ground truth: CreateConnectorDto"],"fullName":"CreateConnectorRequestSchema — ground truth: CreateConnectorDto rejects an invalid connector type","status":"passed","title":"rejects an invalid connector type","duration":0.469791999999984,"failureMessages":[],"meta":{}},{"ancestorTitles":["CreateConnectorRequestSchema — ground truth: CreateConnectorDto"],"fullName":"CreateConnectorRequestSchema — ground truth: CreateConnectorDto rejects an empty name (Length 1-255)","status":"passed","title":"rejects an empty name (Length 1-255)","duration":2.3589170000000195,"failureMessages":[],"meta":{}},{"ancestorTitles":["UpdateConnectorRequestSchema — PartialType(CreateConnectorDto)"],"fullName":"UpdateConnectorRequestSchema — PartialType(CreateConnectorDto) accepts a partial update","status":"passed","title":"accepts a partial update","duration":0.3341249999999718,"failureMessages":[],"meta":{}},{"ancestorTitles":["UpdateConnectorRequestSchema — PartialType(CreateConnectorDto)"],"fullName":"UpdateConnectorRequestSchema — PartialType(CreateConnectorDto) accepts an empty update","status":"passed","title":"accepts an empty update","duration":0.0805000000000291,"failureMessages":[],"meta":{}},{"ancestorTitles":["ConnectorTypeSchema"],"fullName":"ConnectorTypeSchema accepts git","status":"passed","title":"accepts git","duration":0.1149159999999938,"failureMessages":[],"meta":{}},{"ancestorTitles":["ConnectorTypeSchema"],"fullName":"ConnectorTypeSchema accepts jira","status":"passed","title":"accepts jira","duration":0.03395899999998164,"failureMessages":[],"meta":{}},{"ancestorTitles":["ConnectorTypeSchema"],"fullName":"ConnectorTypeSchema accepts confluence","status":"passed","title":"accepts confluence","duration":0.029999999999972715,"failureMessages":[],"meta":{}},{"ancestorTitles":["ConnectorTypeSchema"],"fullName":"ConnectorTypeSchema accepts doc_repo","status":"passed","title":"accepts doc_repo","duration":0.029790999999931955,"failureMessages":[],"meta":{}}],"startTime":1782061634735,"endTime":1782061634751.115,"status":"passed","message":"","name":"/Users/germanrauhut.com/Developer/projects/omnopsis-ai/omnopsis-contracts/test/connectors/connector.test.ts"},{"assertionResults":[{"ancestorTitles":["ChatStreamEventSchema — ground truth: chat-stream.service.ts"],"fullName":"ChatStreamEventSchema — ground truth: chat-stream.service.ts accepts a token event (payload is a bare string)","status":"passed","title":"accepts a token event (payload is a bare string)","duration":5.804167000000007,"failureMessages":[],"meta":{}},{"ancestorTitles":["ChatStreamEventSchema — ground truth: chat-stream.service.ts"],"fullName":"ChatStreamEventSchema — ground truth: chat-stream.service.ts accepts a meta event","status":"passed","title":"accepts a meta event","duration":0.8809999999999718,"failureMessages":[],"meta":{}},{"ancestorTitles":["ChatStreamEventSchema — ground truth: chat-stream.service.ts"],"fullName":"ChatStreamEventSchema — ground truth: chat-stream.service.ts accepts a complete event with token counts","status":"passed","title":"accepts a complete event with token counts","duration":0.9462090000000671,"failureMessages":[],"meta":{}},{"ancestorTitles":["ChatStreamEventSchema — ground truth: chat-stream.service.ts"],"fullName":"ChatStreamEventSchema — ground truth: chat-stream.service.ts accepts a complete event with null token counts (usage absent)","status":"passed","title":"accepts a complete event with null token counts (usage absent)","duration":0.12116699999990033,"failureMessages":[],"meta":{}},{"ancestorTitles":["ChatStreamEventSchema — ground truth: chat-stream.service.ts"],"fullName":"ChatStreamEventSchema — ground truth: chat-stream.service.ts accepts an error event","status":"passed","title":"accepts an error event","duration":0.2910829999999578,"failureMessages":[],"meta":{}},{"ancestorTitles":["ChatStreamEventSchema — ground truth: chat-stream.service.ts"],"fullName":"ChatStreamEventSchema — ground truth: chat-stream.service.ts accepts a cancelled event","status":"passed","title":"accepts a cancelled event","duration":0.6150840000000244,"failureMessages":[],"meta":{}},{"ancestorTitles":["ChatStreamEventSchema — ground truth: chat-stream.service.ts"],"fullName":"ChatStreamEventSchema — ground truth: chat-stream.service.ts accepts an auth-refresh-required event (shared transport, empty payload)","status":"passed","title":"accepts an auth-refresh-required event (shared transport, empty payload)","duration":2.027791000000093,"failureMessages":[],"meta":{}},{"ancestorTitles":["ChatStreamEventSchema — ground truth: chat-stream.service.ts"],"fullName":"ChatStreamEventSchema — ground truth: chat-stream.service.ts rejects a token event with a non-string payload","status":"passed","title":"rejects a token event with a non-string payload","duration":6.237458999999944,"failureMessages":[],"meta":{}},{"ancestorTitles":["ChatStreamEventSchema — ground truth: chat-stream.service.ts"],"fullName":"ChatStreamEventSchema — ground truth: chat-stream.service.ts rejects a meta event missing chunkIds","status":"passed","title":"rejects a meta event missing chunkIds","duration":0.1947499999999991,"failureMessages":[],"meta":{}},{"ancestorTitles":["ChatStreamEventSchema — ground truth: chat-stream.service.ts"],"fullName":"ChatStreamEventSchema — ground truth: chat-stream.service.ts rejects an ingestion-only event type (queued is not a chat event)","status":"passed","title":"rejects an ingestion-only event type (queued is not a chat event)","duration":0.66437499999995,"failureMessages":[],"meta":{}}],"startTime":1782061634733,"endTime":1782061634750.6643,"status":"passed","message":"","name":"/Users/germanrauhut.com/Developer/projects/omnopsis-ai/omnopsis-contracts/test/realtime/chat-events.test.ts"},{"assertionResults":[{"ancestorTitles":["SseEventTypeSchema"],"fullName":"SseEventTypeSchema accepts the backend event type token (catalog mirrors SseEventType)","status":"passed","title":"accepts the backend event type token (catalog mirrors SseEventType)","duration":1.4484580000000733,"failureMessages":[],"meta":{}},{"ancestorTitles":["SseEventTypeSchema"],"fullName":"SseEventTypeSchema accepts the backend event type meta (catalog mirrors SseEventType)","status":"passed","title":"accepts the backend event type meta (catalog mirrors SseEventType)","duration":0.09570799999994506,"failureMessages":[],"meta":{}},{"ancestorTitles":["SseEventTypeSchema"],"fullName":"SseEventTypeSchema accepts the backend event type complete (catalog mirrors SseEventType)","status":"passed","title":"accepts the backend event type complete (catalog mirrors SseEventType)","duration":0.053875000000061846,"failureMessages":[],"meta":{}},{"ancestorTitles":["SseEventTypeSchema"],"fullName":"SseEventTypeSchema accepts the backend event type error (catalog mirrors SseEventType)","status":"passed","title":"accepts the backend event type error (catalog mirrors SseEventType)","duration":0.04374999999993179,"failureMessages":[],"meta":{}},{"ancestorTitles":["SseEventTypeSchema"],"fullName":"SseEventTypeSchema accepts the backend event type cancelled (catalog mirrors SseEventType)","status":"passed","title":"accepts the backend event type cancelled (catalog mirrors SseEventType)","duration":0.04512499999998454,"failureMessages":[],"meta":{}},{"ancestorTitles":["SseEventTypeSchema"],"fullName":"SseEventTypeSchema accepts the backend event type queued (catalog mirrors SseEventType)","status":"passed","title":"accepts the backend event type queued (catalog mirrors SseEventType)","duration":0.13504199999999855,"failureMessages":[],"meta":{}},{"ancestorTitles":["SseEventTypeSchema"],"fullName":"SseEventTypeSchema accepts the backend event type started (catalog mirrors SseEventType)","status":"passed","title":"accepts the backend event type started (catalog mirrors SseEventType)","duration":0.13770899999997255,"failureMessages":[],"meta":{}},{"ancestorTitles":["SseEventTypeSchema"],"fullName":"SseEventTypeSchema accepts the backend event type progress (catalog mirrors SseEventType)","status":"passed","title":"accepts the backend event type progress (catalog mirrors SseEventType)","duration":0.09275000000002365,"failureMessages":[],"meta":{}},{"ancestorTitles":["SseEventTypeSchema"],"fullName":"SseEventTypeSchema accepts the backend event type warning (catalog mirrors SseEventType)","status":"passed","title":"accepts the backend event type warning (catalog mirrors SseEventType)","duration":0.18537500000002183,"failureMessages":[],"meta":{}},{"ancestorTitles":["SseEventTypeSchema"],"fullName":"SseEventTypeSchema accepts the backend event type done (catalog mirrors SseEventType)","status":"passed","title":"accepts the backend event type done (catalog mirrors SseEventType)","duration":0.14258399999994253,"failureMessages":[],"meta":{}},{"ancestorTitles":["SseEventTypeSchema"],"fullName":"SseEventTypeSchema accepts the backend event type failed (catalog mirrors SseEventType)","status":"passed","title":"accepts the backend event type failed (catalog mirrors SseEventType)","duration":0.19570900000007896,"failureMessages":[],"meta":{}},{"ancestorTitles":["SseEventTypeSchema"],"fullName":"SseEventTypeSchema accepts the backend event type replay-gap (catalog mirrors SseEventType)","status":"passed","title":"accepts the backend event type replay-gap (catalog mirrors SseEventType)","duration":0.06950000000006185,"failureMessages":[],"meta":{}},{"ancestorTitles":["SseEventTypeSchema"],"fullName":"SseEventTypeSchema accepts the backend event type auth-refresh-required (catalog mirrors SseEventType)","status":"passed","title":"accepts the backend event type auth-refresh-required (catalog mirrors SseEventType)","duration":0.035292000000026746,"failureMessages":[],"meta":{}},{"ancestorTitles":["SseEventTypeSchema"],"fullName":"SseEventTypeSchema accepts the backend event type ping (catalog mirrors SseEventType)","status":"passed","title":"accepts the backend event type ping (catalog mirrors SseEventType)","duration":0.03279199999997218,"failureMessages":[],"meta":{}},{"ancestorTitles":["SseEventTypeSchema"],"fullName":"SseEventTypeSchema rejects an unknown event type","status":"passed","title":"rejects an unknown event type","duration":1.152249999999981,"failureMessages":[],"meta":{}},{"ancestorTitles":["SseEnvelopeSchema (base, payload unknown)"],"fullName":"SseEnvelopeSchema (base, payload unknown) accepts the canonical 4-field wire envelope","status":"passed","title":"accepts the canonical 4-field wire envelope","duration":6.48012499999993,"failureMessages":[],"meta":{}},{"ancestorTitles":["SseEnvelopeSchema (base, payload unknown)"],"fullName":"SseEnvelopeSchema (base, payload unknown) rejects an empty id","status":"passed","title":"rejects an empty id","duration":0.8537919999999986,"failureMessages":[],"meta":{}},{"ancestorTitles":["SseEnvelopeSchema (base, payload unknown)"],"fullName":"SseEnvelopeSchema (base, payload unknown) rejects an unknown type","status":"passed","title":"rejects an unknown type","duration":0.1777909999999565,"failureMessages":[],"meta":{}}],"startTime":1782061634737,"endTime":1782061634749.1777,"status":"passed","message":"","name":"/Users/germanrauhut.com/Developer/projects/omnopsis-ai/omnopsis-contracts/test/realtime/envelope.test.ts"},{"assertionResults":[{"ancestorTitles":["SSE event-type catalog coverage"],"fullName":"SSE event-type catalog coverage extracts the union discriminators cleanly (guards against zod-internal drift)","status":"passed","title":"extracts the union discriminators cleanly (guards against zod-internal drift)","duration":1.8626659999999902,"failureMessages":[],"meta":{}},{"ancestorTitles":["SSE event-type catalog coverage"],"fullName":"SSE event-type catalog coverage every per-stream union member is a declared catalog type","status":"passed","title":"every per-stream union member is a declared catalog type","duration":0.2416249999999991,"failureMessages":[],"meta":{}},{"ancestorTitles":["SSE event-type catalog coverage"],"fullName":"SSE event-type catalog coverage catalog types absent from all unions are exactly the documented reserved/special set","status":"passed","title":"catalog types absent from all unions are exactly the documented reserved/special set","duration":0.11858399999994162,"failureMessages":[],"meta":{}},{"ancestorTitles":["SSE event-type catalog coverage"],"fullName":"SSE event-type catalog coverage `warning` is in the catalog but is NOT a union member (dead-code guard, #189)","status":"passed","title":"`warning` is in the catalog but is NOT a union member (dead-code guard, #189)","duration":3.1994999999999436,"failureMessages":[],"meta":{}}],"startTime":1782061634737,"endTime":1782061634742.1995,"status":"passed","message":"","name":"/Users/germanrauhut.com/Developer/projects/omnopsis-ai/omnopsis-contracts/test/realtime/event-type-coverage.test.ts"},{"assertionResults":[{"ancestorTitles":["IngestionStreamEventSchema — ground truth: ingestion-events.bridge.ts + realtime.service.ts"],"fullName":"IngestionStreamEventSchema — ground truth: ingestion-events.bridge.ts + realtime.service.ts accepts a queued event with null position","status":"passed","title":"accepts a queued event with null position","duration":4.914084000000003,"failureMessages":[],"meta":{}},{"ancestorTitles":["IngestionStreamEventSchema — ground truth: ingestion-events.bridge.ts + realtime.service.ts"],"fullName":"IngestionStreamEventSchema — ground truth: ingestion-events.bridge.ts + realtime.service.ts accepts a queued event with a numeric position","status":"passed","title":"accepts a queued event with a numeric position","duration":0.8451669999999467,"failureMessages":[],"meta":{}},{"ancestorTitles":["IngestionStreamEventSchema — ground truth: ingestion-events.bridge.ts + realtime.service.ts"],"fullName":"IngestionStreamEventSchema — ground truth: ingestion-events.bridge.ts + realtime.service.ts accepts a started event","status":"passed","title":"accepts a started event","duration":0.5719169999999849,"failureMessages":[],"meta":{}},{"ancestorTitles":["IngestionStreamEventSchema — ground truth: ingestion-events.bridge.ts + realtime.service.ts"],"fullName":"IngestionStreamEventSchema — ground truth: ingestion-events.bridge.ts + realtime.service.ts accepts a progress event (dynamic orchestrator metadata)","status":"passed","title":"accepts a progress event (dynamic orchestrator metadata)","duration":1.2986250000000155,"failureMessages":[],"meta":{}},{"ancestorTitles":["IngestionStreamEventSchema — ground truth: ingestion-events.bridge.ts + realtime.service.ts"],"fullName":"IngestionStreamEventSchema — ground truth: ingestion-events.bridge.ts + realtime.service.ts accepts a done event with a return value","status":"passed","title":"accepts a done event with a return value","duration":1.1074169999999413,"failureMessages":[],"meta":{}},{"ancestorTitles":["IngestionStreamEventSchema — ground truth: ingestion-events.bridge.ts + realtime.service.ts"],"fullName":"IngestionStreamEventSchema — ground truth: ingestion-events.bridge.ts + realtime.service.ts accepts a done event with a null return value","status":"passed","title":"accepts a done event with a null return value","duration":1.6864170000000058,"failureMessages":[],"meta":{}},{"ancestorTitles":["IngestionStreamEventSchema — ground truth: ingestion-events.bridge.ts + realtime.service.ts"],"fullName":"IngestionStreamEventSchema — ground truth: ingestion-events.bridge.ts + realtime.service.ts accepts a failed event","status":"passed","title":"accepts a failed event","duration":10.347667000000001,"failureMessages":[],"meta":{}},{"ancestorTitles":["IngestionStreamEventSchema — ground truth: ingestion-events.bridge.ts + realtime.service.ts"],"fullName":"IngestionStreamEventSchema — ground truth: ingestion-events.bridge.ts + realtime.service.ts accepts a replay-gap event","status":"passed","title":"accepts a replay-gap event","duration":11.795583999999963,"failureMessages":[],"meta":{}},{"ancestorTitles":["IngestionStreamEventSchema — ground truth: ingestion-events.bridge.ts + realtime.service.ts"],"fullName":"IngestionStreamEventSchema — ground truth: ingestion-events.bridge.ts + realtime.service.ts accepts a stream error event (stream_unavailable)","status":"passed","title":"accepts a stream error event (stream_unavailable)","duration":8.938209000000029,"failureMessages":[],"meta":{}},{"ancestorTitles":["IngestionStreamEventSchema — ground truth: ingestion-events.bridge.ts + realtime.service.ts"],"fullName":"IngestionStreamEventSchema — ground truth: ingestion-events.bridge.ts + realtime.service.ts accepts an auth-refresh-required event (shared transport)","status":"passed","title":"accepts an auth-refresh-required event (shared transport)","duration":1.1854590000000371,"failureMessages":[],"meta":{}},{"ancestorTitles":["IngestionStreamEventSchema — ground truth: ingestion-events.bridge.ts + realtime.service.ts"],"fullName":"IngestionStreamEventSchema — ground truth: ingestion-events.bridge.ts + realtime.service.ts rejects a chat-only event type (token is not an ingestion event)","status":"passed","title":"rejects a chat-only event type (token is not an ingestion event)","duration":8.800333000000023,"failureMessages":[],"meta":{}},{"ancestorTitles":["IngestionStreamEventSchema — ground truth: ingestion-events.bridge.ts + realtime.service.ts"],"fullName":"IngestionStreamEventSchema — ground truth: ingestion-events.bridge.ts + realtime.service.ts rejects a failed event missing retriesExhausted","status":"passed","title":"rejects a failed event missing retriesExhausted","duration":0.19716599999992468,"failureMessages":[],"meta":{}}],"startTime":1782061634733,"endTime":1782061634785.1973,"status":"passed","message":"","name":"/Users/germanrauhut.com/Developer/projects/omnopsis-ai/omnopsis-contracts/test/realtime/ingestion-events.test.ts"},{"assertionResults":[{"ancestorTitles":["IngestionJobResponseSchema — ground truth: ingestion-job.entity (no strip)"],"fullName":"IngestionJobResponseSchema — ground truth: ingestion-job.entity (no strip) accepts a freshly-created pending job (all nullable fields null)","status":"passed","title":"accepts a freshly-created pending job (all nullable fields null)","duration":4.680083999999965,"failureMessages":[],"meta":{}},{"ancestorTitles":["IngestionJobResponseSchema — ground truth: ingestion-job.entity (no strip)"],"fullName":"IngestionJobResponseSchema — ground truth: ingestion-job.entity (no strip) accepts a completed job (timestamps + metadata populated)","status":"passed","title":"accepts a completed job (timestamps + metadata populated)","duration":3.886665999999991,"failureMessages":[],"meta":{}},{"ancestorTitles":["IngestionJobResponseSchema — ground truth: ingestion-job.entity (no strip)"],"fullName":"IngestionJobResponseSchema — ground truth: ingestion-job.entity (no strip) rejects a non-uuid connectorId","status":"passed","title":"rejects a non-uuid connectorId","duration":3.5341250000000173,"failureMessages":[],"meta":{}},{"ancestorTitles":["CreateIngestionJobRequestSchema — ground truth: CreateIngestionJobDto"],"fullName":"CreateIngestionJobRequestSchema — ground truth: CreateIngestionJobDto accepts an empty body (priority optional)","status":"passed","title":"accepts an empty body (priority optional)","duration":0.32808399999998983,"failureMessages":[],"meta":{}},{"ancestorTitles":["CreateIngestionJobRequestSchema — ground truth: CreateIngestionJobDto"],"fullName":"CreateIngestionJobRequestSchema — ground truth: CreateIngestionJobDto accepts a valid priority","status":"passed","title":"accepts a valid priority","duration":0.1063330000000633,"failureMessages":[],"meta":{}},{"ancestorTitles":["CreateIngestionJobRequestSchema — ground truth: CreateIngestionJobDto"],"fullName":"CreateIngestionJobRequestSchema — ground truth: CreateIngestionJobDto rejects a priority out of the 1-3 range","status":"passed","title":"rejects a priority out of the 1-3 range","duration":0.15612500000008822,"failureMessages":[],"meta":{}}],"startTime":1782061634736,"endTime":1782061634750.156,"status":"passed","message":"","name":"/Users/germanrauhut.com/Developer/projects/omnopsis-ai/omnopsis-contracts/test/ingestion/ingestion-job.test.ts"},{"assertionResults":[{"ancestorTitles":["ErrorEnvelopeSchema"],"fullName":"ErrorEnvelopeSchema accepts a canonical error envelope","status":"passed","title":"accepts a canonical error envelope","duration":3.828624999999988,"failureMessages":[],"meta":{}},{"ancestorTitles":["ErrorEnvelopeSchema"],"fullName":"ErrorEnvelopeSchema accepts an array message (class-validator validation failures)","status":"passed","title":"accepts an array message (class-validator validation failures)","duration":0.45070799999996325,"failureMessages":[],"meta":{}},{"ancestorTitles":["ErrorEnvelopeSchema"],"fullName":"ErrorEnvelopeSchema rejects a missing correlationId","status":"passed","title":"rejects a missing correlationId","duration":0.7180419999999685,"failureMessages":[],"meta":{}},{"ancestorTitles":["ErrorEnvelopeSchema"],"fullName":"ErrorEnvelopeSchema rejects a non-ISO timestamp","status":"passed","title":"rejects a non-ISO timestamp","duration":0.1840829999999869,"failureMessages":[],"meta":{}},{"ancestorTitles":["ErrorEnvelopeSchema"],"fullName":"ErrorEnvelopeSchema rejects an out-of-range statusCode","status":"passed","title":"rejects an out-of-range statusCode","duration":0.14154200000007222,"failureMessages":[],"meta":{}},{"ancestorTitles":["ErrorEnvelopeSchema"],"fullName":"ErrorEnvelopeSchema rejects an empty error label","status":"passed","title":"rejects an empty error label","duration":0.13829199999997854,"failureMessages":[],"meta":{}}],"startTime":1782061634733,"endTime":1782061634738.184,"status":"passed","message":"","name":"/Users/germanrauhut.com/Developer/projects/omnopsis-ai/omnopsis-contracts/test/common/error-envelope.test.ts"},{"assertionResults":[{"ancestorTitles":["isoTimestamp"],"fullName":"isoTimestamp accepts an ISO-8601 UTC timestamp (the new Date().toISOString() shape)","status":"passed","title":"accepts an ISO-8601 UTC timestamp (the new Date().toISOString() shape)","duration":1.0002920000000017,"failureMessages":[],"meta":{}},{"ancestorTitles":["isoTimestamp"],"fullName":"isoTimestamp rejects a non-ISO string","status":"passed","title":"rejects a non-ISO string","duration":2.1419159999999806,"failureMessages":[],"meta":{}},{"ancestorTitles":["isoTimestamp"],"fullName":"isoTimestamp rejects a date-only string (datetime requires the time component)","status":"passed","title":"rejects a date-only string (datetime requires the time component)","duration":0.1536249999999768,"failureMessages":[],"meta":{}}],"startTime":1782061635163,"endTime":1782061635167.1536,"status":"passed","message":"","name":"/Users/germanrauhut.com/Developer/projects/omnopsis-ai/omnopsis-contracts/test/common/timestamp.test.ts"}]}